  imgui.cpp
  imgui_demo.cpp
  imgui_draw.cpp
  imgui_impl_sdl_gl3.cpp
  LoadOBJ.cpp
  main.cpp
  Models.cpp
C:\Users\aniol.barnada\Desktop\Feina\InfoGragica_AA3\code\src\Models.cpp(97,50): warning C4267: 'argument': conversion from 'size_t' to 'GLsizei', possible loss of data
C:\Users\aniol.barnada\Desktop\Feina\InfoGragica_AA3\code\src\Models.cpp(102,47): warning C4267: 'argument': conversion from 'size_t' to 'GLsizei', possible loss of data
  render.cpp
C:\Users\aniol.barnada\Desktop\Feina\InfoGragica_AA3\code\src\render.cpp(64,13): warning C4244: '=': conversion from 'int' to 'float', possible loss of data
C:\Users\aniol.barnada\Desktop\Feina\InfoGragica_AA3\code\src\render.cpp(65,14): warning C4244: '=': conversion from 'int' to 'float', possible loss of data
  Shaders.cpp
  Generating Code...
C:\Users\aniol.barnada\Desktop\Feina\InfoGragica_AA3\code\src\LoadOBJ.cpp(112): warning C4715: 'loadObject::loadOBJ': not all control paths return a value
     Creating library C:\Users\aniol.barnada\Desktop\Feina\InfoGragica_AA3\x64\Debug\GL_framework.lib and object C:\Users\aniol.barnada\Desktop\Feina\InfoGragica_AA3\x64\Debug\GL_framework.exp
  GL_framework.vcxproj -> C:\Users\aniol.barnada\Desktop\Feina\InfoGragica_AA3\x64\Debug\GL_framework.exe
  C:\Users\aniol.barnada\Desktop\Feina\InfoGragica_AA3\code\libs\glew32.dll
  1 File(s) copied
  C:\Users\aniol.barnada\Desktop\Feina\InfoGragica_AA3\code\libs\SDL2.dll
  1 File(s) copied
